# JRE version: OpenJDK Runtime Environment (8.0_191-b12) (build 1.8.0_191-8u191-b12-2ubuntu0.18.04.1-b12)
# Java VM: OpenJDK 64-Bit Server VM (25.191-b12 mixed mode linux-amd64 compressed oops)
Heap:
 PSYoungGen      total 135680K, used 8687K [0x00000000d6f00000, 0x00000000dfc00000, 0x0000000100000000)
  eden space 126976K, 0% used [0x00000000d6f00000,0x00000000d6f00000,0x00000000deb00000)
  from space 8704K, 99% used [0x00000000deb00000,0x00000000df37bf20,0x00000000df380000)
  to   space 8192K, 0% used [0x00000000df400000,0x00000000df400000,0x00000000dfc00000)
 ParOldGen       total 43520K, used 7302K [0x0000000084c00000, 0x0000000087680000, 0x00000000d6f00000)
  object space 43520K, 16% used [0x0000000084c00000,0x00000000853218e8,0x0000000087680000)
 Metaspace       used 28358K, capacity 29298K, committed 29440K, reserved 1075200K
  class space    used 3598K, capacity 3813K, committed 3840K, reserved 1048576K
GC Heap History (10 events):
Event: 0,742 GC heap after
Heap after GC invocations=3 (full 0):
 PSYoungGen      total 36864K, used 4730K [0x00000000d6f00000, 0x00000000db700000, 0x0000000100000000)
  eden space 31744K, 0% used [0x00000000d6f00000,0x00000000d6f00000,0x00000000d8e00000)
  from space 5120K, 92% used [0x00000000d8e00000,0x00000000d929eb50,0x00000000d9300000)
  to   space 5120K, 0% used [0x00000000db200000,0x00000000db200000,0x00000000db700000)
 ParOldGen       total 84992K, used 24K [0x0000000084c00000, 0x0000000089f00000, 0x00000000d6f00000)
  object space 84992K, 0% used [0x0000000084c00000,0x0000000084c06000,0x0000000089f00000)
 Metaspace       used 12430K, capacity 12762K, committed 12928K, reserved 1060864K
  class space    used 1456K, capacity 1561K, committed 1664K, reserved 1048576K
}
Event: 0,900 GC heap before
{Heap before GC invocations=4 (full 0):
 PSYoungGen      total 36864K, used 36474K [0x00000000d6f00000, 0x00000000db700000, 0x0000000100000000)
  eden space 31744K, 100% used [0x00000000d6f00000,0x00000000d8e00000,0x00000000d8e00000)
  from space 5120K, 92% used [0x00000000d8e00000,0x00000000d929eb50,0x00000000d9300000)
  to   space 5120K, 0% used [0x00000000db200000,0x00000000db200000,0x00000000db700000)
 ParOldGen       total 84992K, used 24K [0x0000000084c00000, 0x0000000089f00000, 0x00000000d6f00000)
  object space 84992K, 0% used [0x0000000084c00000,0x0000000084c06000,0x0000000089f00000)
 Metaspace       used 15213K, capacity 15654K, committed 15872K, reserved 1062912K
  class space    used 1847K, capacity 1979K, committed 2048K, reserved 1048576K
Event: 0,905 GC heap after
Heap after GC invocations=4 (full 0):
 PSYoungGen      total 68608K, used 5089K [0x00000000d6f00000, 0x00000000db700000, 0x0000000100000000)
  eden space 63488K, 0% used [0x00000000d6f00000,0x00000000d6f00000,0x00000000dad00000)
  from space 5120K, 99% used [0x00000000db200000,0x00000000db6f8578,0x00000000db700000)
  to   space 5120K, 0% used [0x00000000dad00000,0x00000000dad00000,0x00000000db200000)
 ParOldGen       total 84992K, used 200K [0x0000000084c00000, 0x0000000089f00000, 0x00000000d6f00000)
  object space 84992K, 0% used [0x0000000084c00000,0x0000000084c320e0,0x0000000089f00000)
 Metaspace       used 15213K, capacity 15654K, committed 15872K, reserved 1062912K
  class space    used 1847K, capacity 1979K, committed 2048K, reserved 1048576K
}
Event: 1,119 GC heap before
{Heap before GC invocations=5 (full 0):
 PSYoungGen      total 68608K, used 68577K [0x00000000d6f00000, 0x00000000db700000, 0x0000000100000000)
  eden space 63488K, 100% used [0x00000000d6f00000,0x00000000dad00000,0x00000000dad00000)
  from space 5120K, 99% used [0x00000000db200000,0x00000000db6f8578,0x00000000db700000)
  to   space 5120K, 0% used [0x00000000dad00000,0x00000000dad00000,0x00000000db200000)
 ParOldGen       total 84992K, used 204K [0x0000000084c00000, 0x0000000089f00000, 0x00000000d6f00000)
  object space 84992K, 0% used [0x0000000084c00000,0x0000000084c33038,0x0000000089f00000)
 Metaspace       used 20433K, capacity 21024K, committed 21248K, reserved 1067008K
  class space    used 2592K, capacity 2746K, committed 2816K, reserved 1048576K
Event: 1,125 GC heap after
Heap after GC invocations=5 (full 0):
 PSYoungGen      total 68608K, used 5119K [0x00000000d6f00000, 0x00000000dfd00000, 0x0000000100000000)
  eden space 63488K, 0% used [0x00000000d6f00000,0x00000000d6f00000,0x00000000dad00000)
  from space 5120K, 99% used [0x00000000dad00000,0x00000000db1fff68,0x00000000db200000)
  to   space 9216K, 0% used [0x00000000df400000,0x00000000df400000,0x00000000dfd00000)
 ParOldGen       total 84992K, used 4739K [0x0000000084c00000, 0x0000000089f00000, 0x00000000d6f00000)
  object space 84992K, 5% used [0x0000000084c00000,0x00000000850a0f50,0x0000000089f00000)
 Metaspace       used 20433K, capacity 21024K, committed 21248K, reserved 1067008K
  class space    used 2592K, capacity 2746K, committed 2816K, reserved 1048576K
}
Event: 1,128 GC heap before
{Heap before GC invocations=6 (full 0):
 PSYoungGen      total 68608K, used 6664K [0x00000000d6f00000, 0x00000000dfd00000, 0x0000000100000000)
  eden space 63488K, 2% used [0x00000000d6f00000,0x00000000d7082330,0x00000000dad00000)
  from space 5120K, 99% used [0x00000000dad00000,0x00000000db1fff68,0x00000000db200000)
  to   space 9216K, 0% used [0x00000000df400000,0x00000000df400000,0x00000000dfd00000)
 ParOldGen       total 84992K, used 4739K [0x0000000084c00000, 0x0000000089f00000, 0x00000000d6f00000)
  object space 84992K, 5% used [0x0000000084c00000,0x00000000850a0f50,0x0000000089f00000)
 Metaspace       used 20531K, capacity 21088K, committed 21248K, reserved 1067008K
  class space    used 2599K, capacity 2746K, committed 2816K, reserved 1048576K
Event: 1,133 GC heap after
Heap after GC invocations=6 (full 0):
 PSYoungGen      total 135168K, used 5205K [0x00000000d6f00000, 0x00000000dfc00000, 0x0000000100000000)
  eden space 126976K, 0% used [0x00000000d6f00000,0x00000000d6f00000,0x00000000deb00000)
  from space 8192K, 63% used [0x00000000df400000,0x00000000df915628,0x00000000dfc00000)
  to   space 8704K, 0% used [0x00000000deb00000,0x00000000deb00000,0x00000000df380000)
 ParOldGen       total 84992K, used 4739K [0x0000000084c00000, 0x0000000089f00000, 0x00000000d6f00000)
  object space 84992K, 5% used [0x0000000084c00000,0x00000000850a0f50,0x0000000089f00000)
 Metaspace       used 20531K, capacity 21088K, committed 21248K, reserved 1067008K
  class space    used 2599K, capacity 2746K, committed 2816K, reserved 1048576K
}
Event: 1,133 GC heap before
{Heap before GC invocations=7 (full 1):
 PSYoungGen      total 135168K, used 5205K [0x00000000d6f00000, 0x00000000dfc00000, 0x0000000100000000)
  eden space 126976K, 0% used [0x00000000d6f00000,0x00000000d6f00000,0x00000000deb00000)
  from space 8192K, 63% used [0x00000000df400000,0x00000000df915628,0x00000000dfc00000)
  to   space 8704K, 0% used [0x00000000deb00000,0x00000000deb00000,0x00000000df380000)
 ParOldGen       total 84992K, used 4739K [0x0000000084c00000, 0x0000000089f00000, 0x00000000d6f00000)
  object space 84992K, 5% used [0x0000000084c00000,0x00000000850a0f50,0x0000000089f00000)
 Metaspace       used 20531K, capacity 21088K, committed 21248K, reserved 1067008K
  class space    used 2599K, capacity 2746K, committed 2816K, reserved 1048576K
Event: 1,151 GC heap after
Heap after GC invocations=7 (full 1):
 PSYoungGen      total 135168K, used 0K [0x00000000d6f00000, 0x00000000dfc00000, 0x0000000100000000)
  eden space 126976K, 0% used [0x00000000d6f00000,0x00000000d6f00000,0x00000000deb00000)
  from space 8192K, 0% used [0x00000000df400000,0x00000000df400000,0x00000000dfc00000)
  to   space 8704K, 0% used [0x00000000deb00000,0x00000000deb00000,0x00000000df380000)
 ParOldGen       total 43520K, used 5493K [0x0000000084c00000, 0x0000000087680000, 0x00000000d6f00000)
  object space 43520K, 12% used [0x0000000084c00000,0x000000008515d560,0x0000000087680000)
 Metaspace       used 20531K, capacity 21088K, committed 21248K, reserved 1067008K
  class space    used 2599K, capacity 2746K, committed 2816K, reserved 1048576K
}
Event: 2,023 GC heap before
{Heap before GC invocations=8 (full 1):
 PSYoungGen      total 135168K, used 126976K [0x00000000d6f00000, 0x00000000dfc00000, 0x0000000100000000)
  eden space 126976K, 100% used [0x00000000d6f00000,0x00000000deb00000,0x00000000deb00000)
  from space 8192K, 0% used [0x00000000df400000,0x00000000df400000,0x00000000dfc00000)
  to   space 8704K, 0% used [0x00000000deb00000,0x00000000deb00000,0x00000000df380000)
 ParOldGen       total 43520K, used 5503K [0x0000000084c00000, 0x0000000087680000, 0x00000000d6f00000)
  object space 43520K, 12% used [0x0000000084c00000,0x000000008515ff90,0x0000000087680000)
 Metaspace       used 28358K, capacity 29298K, committed 29440K, reserved 1075200K
  class space    used 3598K, capacity 3813K, committed 3840K, reserved 1048576K

