# JRE version: OpenJDK Runtime Environment (8.0_191-b12) (build 1.8.0_191-8u191-b12-2ubuntu0.18.04.1-b12)
# Java VM: OpenJDK 64-Bit Server VM (25.191-b12 mixed mode linux-amd64 compressed oops)
Heap:
 PSYoungGen      total 135680K, used 8675K [0x00000000d6f00000, 0x00000000dfc00000, 0x0000000100000000)
  eden space 126976K, 0% used [0x00000000d6f00000,0x00000000d6f00000,0x00000000deb00000)
  from space 8704K, 99% used [0x00000000deb00000,0x00000000df378d70,0x00000000df380000)
  to   space 8192K, 0% used [0x00000000df400000,0x00000000df400000,0x00000000dfc00000)
 ParOldGen       total 43520K, used 7834K [0x0000000084c00000, 0x0000000087680000, 0x00000000d6f00000)
  object space 43520K, 18% used [0x0000000084c00000,0x00000000853a6948,0x0000000087680000)
 Metaspace       used 28377K, capacity 29298K, committed 29440K, reserved 1075200K
  class space    used 3598K, capacity 3813K, committed 3840K, reserved 1048576K
GC Heap History (10 events):
Event: 0,902 GC heap after
Heap after GC invocations=3 (full 0):
 PSYoungGen      total 36864K, used 4665K [0x00000000d6f00000, 0x00000000db700000, 0x0000000100000000)
  eden space 31744K, 0% used [0x00000000d6f00000,0x00000000d6f00000,0x00000000d8e00000)
  from space 5120K, 91% used [0x00000000d8e00000,0x00000000d928e498,0x00000000d9300000)
  to   space 5120K, 0% used [0x00000000db200000,0x00000000db200000,0x00000000db700000)
 ParOldGen       total 84992K, used 24K [0x0000000084c00000, 0x0000000089f00000, 0x00000000d6f00000)
  object space 84992K, 0% used [0x0000000084c00000,0x0000000084c06000,0x0000000089f00000)
 Metaspace       used 12418K, capacity 12698K, committed 12928K, reserved 1060864K
  class space    used 1458K, capacity 1561K, committed 1664K, reserved 1048576K
}
Event: 1,070 GC heap before
{Heap before GC invocations=4 (full 0):
 PSYoungGen      total 36864K, used 36409K [0x00000000d6f00000, 0x00000000db700000, 0x0000000100000000)
  eden space 31744K, 100% used [0x00000000d6f00000,0x00000000d8e00000,0x00000000d8e00000)
  from space 5120K, 91% used [0x00000000d8e00000,0x00000000d928e498,0x00000000d9300000)
  to   space 5120K, 0% used [0x00000000db200000,0x00000000db200000,0x00000000db700000)
 ParOldGen       total 84992K, used 24K [0x0000000084c00000, 0x0000000089f00000, 0x00000000d6f00000)
  object space 84992K, 0% used [0x0000000084c00000,0x0000000084c06000,0x0000000089f00000)
 Metaspace       used 15186K, capacity 15660K, committed 15872K, reserved 1062912K
  class space    used 1845K, capacity 1980K, committed 2048K, reserved 1048576K
Event: 1,074 GC heap after
Heap after GC invocations=4 (full 0):
 PSYoungGen      total 68608K, used 5111K [0x00000000d6f00000, 0x00000000db700000, 0x0000000100000000)
  eden space 63488K, 0% used [0x00000000d6f00000,0x00000000d6f00000,0x00000000dad00000)
  from space 5120K, 99% used [0x00000000db200000,0x00000000db6fdec0,0x00000000db700000)
  to   space 5120K, 0% used [0x00000000dad00000,0x00000000dad00000,0x00000000db200000)
 ParOldGen       total 84992K, used 89K [0x0000000084c00000, 0x0000000089f00000, 0x00000000d6f00000)
  object space 84992K, 0% used [0x0000000084c00000,0x0000000084c167d0,0x0000000089f00000)
 Metaspace       used 15186K, capacity 15660K, committed 15872K, reserved 1062912K
  class space    used 1845K, capacity 1980K, committed 2048K, reserved 1048576K
}
Event: 1,287 GC heap before
{Heap before GC invocations=5 (full 0):
 PSYoungGen      total 68608K, used 68599K [0x00000000d6f00000, 0x00000000db700000, 0x0000000100000000)
  eden space 63488K, 100% used [0x00000000d6f00000,0x00000000dad00000,0x00000000dad00000)
  from space 5120K, 99% used [0x00000000db200000,0x00000000db6fdec0,0x00000000db700000)
  to   space 5120K, 0% used [0x00000000dad00000,0x00000000dad00000,0x00000000db200000)
 ParOldGen       total 84992K, used 89K [0x0000000084c00000, 0x0000000089f00000, 0x00000000d6f00000)
  object space 84992K, 0% used [0x0000000084c00000,0x0000000084c167d0,0x0000000089f00000)
 Metaspace       used 20512K, capacity 21084K, committed 21248K, reserved 1067008K
  class space    used 2602K, capacity 2746K, committed 2816K, reserved 1048576K
Event: 1,294 GC heap after
Heap after GC invocations=5 (full 0):
 PSYoungGen      total 68608K, used 5110K [0x00000000d6f00000, 0x00000000dfd00000, 0x0000000100000000)
  eden space 63488K, 0% used [0x00000000d6f00000,0x00000000d6f00000,0x00000000dad00000)
  from space 5120K, 99% used [0x00000000dad00000,0x00000000db1fdb50,0x00000000db200000)
  to   space 9216K, 0% used [0x00000000df400000,0x00000000df400000,0x00000000dfd00000)
 ParOldGen       total 84992K, used 4638K [0x0000000084c00000, 0x0000000089f00000, 0x00000000d6f00000)
  object space 84992K, 5% used [0x0000000084c00000,0x00000000850878d0,0x0000000089f00000)
 Metaspace       used 20512K, capacity 21084K, committed 21248K, reserved 1067008K
  class space    used 2602K, capacity 2746K, committed 2816K, reserved 1048576K
}
Event: 1,295 GC heap before
{Heap before GC invocations=6 (full 0):
 PSYoungGen      total 68608K, used 6539K [0x00000000d6f00000, 0x00000000dfd00000, 0x0000000100000000)
  eden space 63488K, 2% used [0x00000000d6f00000,0x00000000d7065268,0x00000000dad00000)
  from space 5120K, 99% used [0x00000000dad00000,0x00000000db1fdb50,0x00000000db200000)
  to   space 9216K, 0% used [0x00000000df400000,0x00000000df400000,0x00000000dfd00000)
 ParOldGen       total 84992K, used 4638K [0x0000000084c00000, 0x0000000089f00000, 0x00000000d6f00000)
  object space 84992K, 5% used [0x0000000084c00000,0x00000000850878d0,0x0000000089f00000)
 Metaspace       used 20532K, capacity 21084K, committed 21248K, reserved 1067008K
  class space    used 2605K, capacity 2746K, committed 2816K, reserved 1048576K
Event: 1,299 GC heap after
Heap after GC invocations=6 (full 0):
 PSYoungGen      total 135168K, used 5092K [0x00000000d6f00000, 0x00000000dfc00000, 0x0000000100000000)
  eden space 126976K, 0% used [0x00000000d6f00000,0x00000000d6f00000,0x00000000deb00000)
  from space 8192K, 62% used [0x00000000df400000,0x00000000df8f9190,0x00000000dfc00000)
  to   space 8704K, 0% used [0x00000000deb00000,0x00000000deb00000,0x00000000df380000)
 ParOldGen       total 84992K, used 4646K [0x0000000084c00000, 0x0000000089f00000, 0x00000000d6f00000)
  object space 84992K, 5% used [0x0000000084c00000,0x00000000850898d0,0x0000000089f00000)
 Metaspace       used 20532K, capacity 21084K, committed 21248K, reserved 1067008K
  class space    used 2605K, capacity 2746K, committed 2816K, reserved 1048576K
}
Event: 1,299 GC heap before
{Heap before GC invocations=7 (full 1):
 PSYoungGen      total 135168K, used 5092K [0x00000000d6f00000, 0x00000000dfc00000, 0x0000000100000000)
  eden space 126976K, 0% used [0x00000000d6f00000,0x00000000d6f00000,0x00000000deb00000)
  from space 8192K, 62% used [0x00000000df400000,0x00000000df8f9190,0x00000000dfc00000)
  to   space 8704K, 0% used [0x00000000deb00000,0x00000000deb00000,0x00000000df380000)
 ParOldGen       total 84992K, used 4646K [0x0000000084c00000, 0x0000000089f00000, 0x00000000d6f00000)
  object space 84992K, 5% used [0x0000000084c00000,0x00000000850898d0,0x0000000089f00000)
 Metaspace       used 20532K, capacity 21084K, committed 21248K, reserved 1067008K
  class space    used 2605K, capacity 2746K, committed 2816K, reserved 1048576K
Event: 1,319 GC heap after
Heap after GC invocations=7 (full 1):
 PSYoungGen      total 135168K, used 0K [0x00000000d6f00000, 0x00000000dfc00000, 0x0000000100000000)
  eden space 126976K, 0% used [0x00000000d6f00000,0x00000000d6f00000,0x00000000deb00000)
  from space 8192K, 0% used [0x00000000df400000,0x00000000df400000,0x00000000dfc00000)
  to   space 8704K, 0% used [0x00000000deb00000,0x00000000deb00000,0x00000000df380000)
 ParOldGen       total 43520K, used 6066K [0x0000000084c00000, 0x0000000087680000, 0x00000000d6f00000)
  object space 43520K, 13% used [0x0000000084c00000,0x00000000851ec868,0x0000000087680000)
 Metaspace       used 20532K, capacity 21084K, committed 21248K, reserved 1067008K
  class space    used 2605K, capacity 2746K, committed 2816K, reserved 1048576K
}
Event: 2,108 GC heap before
{Heap before GC invocations=8 (full 1):
 PSYoungGen      total 135168K, used 126976K [0x00000000d6f00000, 0x00000000dfc00000, 0x0000000100000000)
  eden space 126976K, 100% used [0x00000000d6f00000,0x00000000deb00000,0x00000000deb00000)
  from space 8192K, 0% used [0x00000000df400000,0x00000000df400000,0x00000000dfc00000)
  to   space 8704K, 0% used [0x00000000deb00000,0x00000000deb00000,0x00000000df380000)
 ParOldGen       total 43520K, used 6066K [0x0000000084c00000, 0x0000000087680000, 0x00000000d6f00000)
  object space 43520K, 13% used [0x0000000084c00000,0x00000000851ec868,0x0000000087680000)
 Metaspace       used 28377K, capacity 29298K, committed 29440K, reserved 1075200K
  class space    used 3598K, capacity 3813K, committed 3840K, reserved 1048576K

